# JRE version: OpenJDK Runtime Environment Temurin-17.0.6+10 (17.0.6+10) (build 17.0.6+10)
# Java VM: OpenJDK 64-Bit Server VM Temurin-17.0.6+10 (17.0.6+10, mixed mode, tiered, compressed oops, compressed class ptrs, g1 gc, windows-amd64)
GC Precious Log:
 CPUs: 16 total, 16 available
 Memory: 16107M
 Large Page Support: Disabled
 NUMA Support: Disabled
 Compressed Oops: Enabled (Zero based)
 Heap Region Size: 2M
 Heap Min Capacity: 8M
 Heap Initial Capacity: 252M
 Heap Max Capacity: 4028M
 Pre-touch: Disabled
 Parallel Workers: 13
 Concurrent Workers: 3
 Concurrent Refinement Workers: 13
 Periodic GC: Disabled
Heap:
 garbage-first heap   total 188416K, used 99203K [0x0000000704400000, 0x0000000800000000)
  region size 2048K, 1 young (2048K), 1 survivors (2048K)
 Metaspace       used 66083K, committed 67008K, reserved 1114112K
  class space    used 7538K, committed 8000K, reserved 1048576K
GC Heap History (20 events):
Event: 6.351 GC heap after
{Heap after GC invocations=14 (full 0):
 garbage-first heap   total 49152K, used 28513K [0x0000000704400000, 0x0000000800000000)
  region size 2048K, 1 young (2048K), 1 survivors (2048K)
 Metaspace       used 53878K, committed 54720K, reserved 1097728K
  class space    used 6140K, committed 6528K, reserved 1048576K
}
Event: 6.531 GC heap before
{Heap before GC invocations=15 (full 0):
 garbage-first heap   total 55296K, used 34657K [0x0000000704400000, 0x0000000800000000)
  region size 2048K, 4 young (8192K), 1 survivors (2048K)
 Metaspace       used 56104K, committed 56960K, reserved 1105920K
  class space    used 6382K, committed 6784K, reserved 1048576K
}
Event: 6.532 GC heap after
{Heap after GC invocations=16 (full 0):
 garbage-first heap   total 157696K, used 28892K [0x0000000704400000, 0x0000000800000000)
  region size 2048K, 1 young (2048K), 1 survivors (2048K)
 Metaspace       used 56104K, committed 56960K, reserved 1105920K
  class space    used 6382K, committed 6784K, reserved 1048576K
}
Event: 7.581 GC heap before
{Heap before GC invocations=16 (full 0):
 garbage-first heap   total 157696K, used 127196K [0x0000000704400000, 0x0000000800000000)
  region size 2048K, 31 young (63488K), 1 survivors (2048K)
 Metaspace       used 61936K, committed 62784K, reserved 1105920K
  class space    used 7108K, committed 7488K, reserved 1048576K
}
Event: 7.584 GC heap after
{Heap after GC invocations=17 (full 0):
 garbage-first heap   total 157696K, used 74149K [0x0000000704400000, 0x0000000800000000)
  region size 2048K, 3 young (6144K), 3 survivors (6144K)
 Metaspace       used 61936K, committed 62784K, reserved 1105920K
  class space    used 7108K, committed 7488K, reserved 1048576K
}
Event: 8.963 GC heap before
{Heap before GC invocations=17 (full 0):
 garbage-first heap   total 157696K, used 125349K [0x0000000704400000, 0x0000000800000000)
  region size 2048K, 27 young (55296K), 3 survivors (6144K)
 Metaspace       used 65930K, committed 66880K, reserved 1114112K
  class space    used 7532K, committed 8000K, reserved 1048576K
}
Event: 8.966 GC heap after
{Heap after GC invocations=18 (full 0):
 garbage-first heap   total 157696K, used 80929K [0x0000000704400000, 0x0000000800000000)
  region size 2048K, 2 young (4096K), 2 survivors (4096K)
 Metaspace       used 65930K, committed 66880K, reserved 1114112K
  class space    used 7532K, committed 8000K, reserved 1048576K
}
Event: 9.154 GC heap before
{Heap before GC invocations=18 (full 0):
 garbage-first heap   total 157696K, used 125985K [0x0000000704400000, 0x0000000800000000)
  region size 2048K, 24 young (49152K), 2 survivors (4096K)
 Metaspace       used 66044K, committed 66944K, reserved 1114112K
  class space    used 7538K, committed 8000K, reserved 1048576K
}
Event: 9.156 GC heap after
{Heap after GC invocations=19 (full 0):
 garbage-first heap   total 157696K, used 85019K [0x0000000704400000, 0x0000000800000000)
  region size 2048K, 3 young (6144K), 3 survivors (6144K)
 Metaspace       used 66044K, committed 66944K, reserved 1114112K
  class space    used 7538K, committed 8000K, reserved 1048576K
}
Event: 9.287 GC heap before
{Heap before GC invocations=20 (full 0):
 garbage-first heap   total 157696K, used 128027K [0x0000000704400000, 0x0000000800000000)
  region size 2048K, 24 young (49152K), 3 survivors (6144K)
 Metaspace       used 66053K, committed 66944K, reserved 1114112K
  class space    used 7538K, committed 8000K, reserved 1048576K
}
Event: 9.290 GC heap after
{Heap after GC invocations=21 (full 0):
 garbage-first heap   total 157696K, used 84200K [0x0000000704400000, 0x0000000800000000)
  region size 2048K, 2 young (4096K), 2 survivors (4096K)
 Metaspace       used 66053K, committed 66944K, reserved 1114112K
  class space    used 7538K, committed 8000K, reserved 1048576K
}
Event: 9.292 GC heap before
{Heap before GC invocations=21 (full 0):
 garbage-first heap   total 157696K, used 86248K [0x0000000704400000, 0x0000000800000000)
  region size 2048K, 3 young (6144K), 2 survivors (4096K)
 Metaspace       used 66053K, committed 66944K, reserved 1114112K
  class space    used 7538K, committed 8000K, reserved 1048576K
}
Event: 9.294 GC heap after
{Heap after GC invocations=22 (full 0):
 garbage-first heap   total 157696K, used 83874K [0x0000000704400000, 0x0000000800000000)
  region size 2048K, 1 young (2048K), 1 survivors (2048K)
 Metaspace       used 66053K, committed 66944K, reserved 1114112K
  class space    used 7538K, committed 8000K, reserved 1048576K
}
Event: 9.375 GC heap before
{Heap before GC invocations=22 (full 0):
 garbage-first heap   total 157696K, used 126882K [0x0000000704400000, 0x0000000800000000)
  region size 2048K, 22 young (45056K), 1 survivors (2048K)
 Metaspace       used 66053K, committed 66944K, reserved 1114112K
  class space    used 7538K, committed 8000K, reserved 1048576K
}
Event: 9.378 GC heap after
{Heap after GC invocations=23 (full 0):
 garbage-first heap   total 157696K, used 96200K [0x0000000704400000, 0x0000000800000000)
  region size 2048K, 3 young (6144K), 3 survivors (6144K)
 Metaspace       used 66053K, committed 66944K, reserved 1114112K
  class space    used 7538K, committed 8000K, reserved 1048576K
}
Event: 9.473 GC heap before
{Heap before GC invocations=24 (full 0):
 garbage-first heap   total 188416K, used 124872K [0x0000000704400000, 0x0000000800000000)
  region size 2048K, 17 young (34816K), 3 survivors (6144K)
 Metaspace       used 66058K, committed 66944K, reserved 1114112K
  class space    used 7538K, committed 8000K, reserved 1048576K
}
Event: 9.475 GC heap after
{Heap after GC invocations=25 (full 0):
 garbage-first heap   total 188416K, used 98558K [0x0000000704400000, 0x0000000800000000)
  region size 2048K, 1 young (2048K), 1 survivors (2048K)
 Metaspace       used 66058K, committed 66944K, reserved 1114112K
  class space    used 7538K, committed 8000K, reserved 1048576K
}
Event: 9.505 GC heap before
{Heap before GC invocations=25 (full 0):
 garbage-first heap   total 188416K, used 104702K [0x0000000704400000, 0x0000000800000000)
  region size 2048K, 4 young (8192K), 1 survivors (2048K)
 Metaspace       used 66066K, committed 67008K, reserved 1114112K
  class space    used 7538K, committed 8000K, reserved 1048576K
}
Event: 9.506 GC heap after
{Heap after GC invocations=26 (full 0):
 garbage-first heap   total 188416K, used 98141K [0x0000000704400000, 0x0000000800000000)
  region size 2048K, 1 young (2048K), 1 survivors (2048K)
 Metaspace       used 66066K, committed 67008K, reserved 1114112K
  class space    used 7538K, committed 8000K, reserved 1048576K
}
Event: 9.717 GC heap before
{Heap before GC invocations=26 (full 0):
 garbage-first heap   total 188416K, used 145245K [0x0000000704400000, 0x0000000800000000)
  region size 2048K, 24 young (49152K), 1 survivors (2048K)
 Metaspace       used 66083K, committed 67008K, reserved 1114112K
  class space    used 7538K, committed 8000K, reserved 1048576K
}

