# JRE version: OpenJDK Runtime Environment Temurin-17.0.6+10 (17.0.6+10) (build 17.0.6+10)
# Java VM: OpenJDK 64-Bit Server VM Temurin-17.0.6+10 (17.0.6+10, mixed mode, tiered, compressed oops, compressed class ptrs, g1 gc, windows-amd64)
GC Precious Log:
 CPUs: 16 total, 16 available
 Memory: 16107M
 Large Page Support: Disabled
 NUMA Support: Disabled
 Compressed Oops: Enabled (Zero based)
 Heap Region Size: 2M
 Heap Min Capacity: 8M
 Heap Initial Capacity: 252M
 Heap Max Capacity: 4028M
 Pre-touch: Disabled
 Parallel Workers: 13
 Concurrent Workers: 3
 Concurrent Refinement Workers: 13
 Periodic GC: Disabled
Heap:
 garbage-first heap   total 147456K, used 84729K [0x0000000704400000, 0x0000000800000000)
  region size 2048K, 2 young (4096K), 2 survivors (4096K)
 Metaspace       used 73304K, committed 74240K, reserved 1122304K
  class space    used 8367K, committed 8832K, reserved 1048576K
GC Heap History (20 events):
Event: 2.952 GC heap after
{Heap after GC invocations=15 (full 0):
 garbage-first heap   total 96256K, used 49910K [0x0000000704400000, 0x0000000800000000)
  region size 2048K, 1 young (2048K), 1 survivors (2048K)
 Metaspace       used 61859K, committed 62720K, reserved 1105920K
  class space    used 7109K, committed 7488K, reserved 1048576K
}
Event: 2.970 GC heap before
{Heap before GC invocations=16 (full 0):
 garbage-first heap   total 100352K, used 56054K [0x0000000704400000, 0x0000000800000000)
  region size 2048K, 3 young (6144K), 1 survivors (2048K)
 Metaspace       used 61859K, committed 62720K, reserved 1105920K
  class space    used 7109K, committed 7488K, reserved 1048576K
}
Event: 2.971 GC heap after
{Heap after GC invocations=17 (full 0):
 garbage-first heap   total 100352K, used 53681K [0x0000000704400000, 0x0000000800000000)
  region size 2048K, 1 young (2048K), 1 survivors (2048K)
 Metaspace       used 61859K, committed 62720K, reserved 1105920K
  class space    used 7109K, committed 7488K, reserved 1048576K
}
Event: 3.136 GC heap before
{Heap before GC invocations=18 (full 0):
 garbage-first heap   total 106496K, used 59825K [0x0000000704400000, 0x0000000800000000)
  region size 2048K, 4 young (8192K), 1 survivors (2048K)
 Metaspace       used 61890K, committed 62784K, reserved 1105920K
  class space    used 7115K, committed 7552K, reserved 1048576K
}
Event: 3.137 GC heap after
{Heap after GC invocations=19 (full 0):
 garbage-first heap   total 106496K, used 57862K [0x0000000704400000, 0x0000000800000000)
  region size 2048K, 1 young (2048K), 1 survivors (2048K)
 Metaspace       used 61890K, committed 62784K, reserved 1105920K
  class space    used 7115K, committed 7552K, reserved 1048576K
}
Event: 3.172 GC heap before
{Heap before GC invocations=20 (full 0):
 garbage-first heap   total 112640K, used 64006K [0x0000000704400000, 0x0000000800000000)
  region size 2048K, 3 young (6144K), 1 survivors (2048K)
 Metaspace       used 61906K, committed 62784K, reserved 1105920K
  class space    used 7115K, committed 7552K, reserved 1048576K
}
Event: 3.173 GC heap after
{Heap after GC invocations=21 (full 0):
 garbage-first heap   total 112640K, used 61890K [0x0000000704400000, 0x0000000800000000)
  region size 2048K, 1 young (2048K), 1 survivors (2048K)
 Metaspace       used 61906K, committed 62784K, reserved 1105920K
  class space    used 7115K, committed 7552K, reserved 1048576K
}
Event: 3.194 GC heap before
{Heap before GC invocations=22 (full 0):
 garbage-first heap   total 120832K, used 68034K [0x0000000704400000, 0x0000000800000000)
  region size 2048K, 3 young (6144K), 1 survivors (2048K)
 Metaspace       used 61907K, committed 62784K, reserved 1105920K
  class space    used 7115K, committed 7552K, reserved 1048576K
}
Event: 3.195 GC heap after
{Heap after GC invocations=23 (full 0):
 garbage-first heap   total 120832K, used 66128K [0x0000000704400000, 0x0000000800000000)
  region size 2048K, 1 young (2048K), 1 survivors (2048K)
 Metaspace       used 61907K, committed 62784K, reserved 1105920K
  class space    used 7115K, committed 7552K, reserved 1048576K
}
Event: 3.212 GC heap before
{Heap before GC invocations=24 (full 0):
 garbage-first heap   total 131072K, used 72272K [0x0000000704400000, 0x0000000800000000)
  region size 2048K, 3 young (6144K), 1 survivors (2048K)
 Metaspace       used 61908K, committed 62784K, reserved 1105920K
  class space    used 7115K, committed 7552K, reserved 1048576K
}
Event: 3.213 GC heap after
{Heap after GC invocations=25 (full 0):
 garbage-first heap   total 131072K, used 70142K [0x0000000704400000, 0x0000000800000000)
  region size 2048K, 1 young (2048K), 1 survivors (2048K)
 Metaspace       used 61908K, committed 62784K, reserved 1105920K
  class space    used 7115K, committed 7552K, reserved 1048576K
}
Event: 3.230 GC heap before
{Heap before GC invocations=26 (full 0):
 garbage-first heap   total 133120K, used 76286K [0x0000000704400000, 0x0000000800000000)
  region size 2048K, 4 young (8192K), 1 survivors (2048K)
 Metaspace       used 61909K, committed 62784K, reserved 1105920K
  class space    used 7115K, committed 7552K, reserved 1048576K
}
Event: 3.231 GC heap after
{Heap after GC invocations=27 (full 0):
 garbage-first heap   total 133120K, used 74264K [0x0000000704400000, 0x0000000800000000)
  region size 2048K, 1 young (2048K), 1 survivors (2048K)
 Metaspace       used 61909K, committed 62784K, reserved 1105920K
  class space    used 7115K, committed 7552K, reserved 1048576K
}
Event: 4.590 GC heap before
{Heap before GC invocations=28 (full 0):
 garbage-first heap   total 143360K, used 113176K [0x0000000704400000, 0x0000000800000000)
  region size 2048K, 19 young (38912K), 1 survivors (2048K)
 Metaspace       used 69266K, committed 70144K, reserved 1114112K
  class space    used 7961K, committed 8384K, reserved 1048576K
}
Event: 4.592 GC heap after
{Heap after GC invocations=29 (full 0):
 garbage-first heap   total 143360K, used 81155K [0x0000000704400000, 0x0000000800000000)
  region size 2048K, 2 young (4096K), 2 survivors (4096K)
 Metaspace       used 69266K, committed 70144K, reserved 1114112K
  class space    used 7961K, committed 8384K, reserved 1048576K
}
Event: 4.768 GC heap before
{Heap before GC invocations=29 (full 0):
 garbage-first heap   total 143360K, used 120067K [0x0000000704400000, 0x0000000800000000)
  region size 2048K, 21 young (43008K), 2 survivors (4096K)
 Metaspace       used 72086K, committed 73024K, reserved 1114112K
  class space    used 8240K, committed 8704K, reserved 1048576K
}
Event: 4.770 GC heap after
{Heap after GC invocations=30 (full 0):
 garbage-first heap   total 143360K, used 83438K [0x0000000704400000, 0x0000000800000000)
  region size 2048K, 3 young (6144K), 3 survivors (6144K)
 Metaspace       used 72086K, committed 73024K, reserved 1114112K
  class space    used 8240K, committed 8704K, reserved 1048576K
}
Event: 4.853 GC heap before
{Heap before GC invocations=31 (full 0):
 garbage-first heap   total 147456K, used 120302K [0x0000000704400000, 0x0000000800000000)
  region size 2048K, 21 young (43008K), 3 survivors (6144K)
 Metaspace       used 72657K, committed 73600K, reserved 1114112K
  class space    used 8302K, committed 8768K, reserved 1048576K
}
Event: 4.855 GC heap after
{Heap after GC invocations=32 (full 0):
 garbage-first heap   total 147456K, used 84428K [0x0000000704400000, 0x0000000800000000)
  region size 2048K, 2 young (4096K), 2 survivors (4096K)
 Metaspace       used 72657K, committed 73600K, reserved 1114112K
  class space    used 8302K, committed 8768K, reserved 1048576K
}
Event: 4.924 GC heap before
{Heap before GC invocations=32 (full 0):
 garbage-first heap   total 147456K, used 123340K [0x0000000704400000, 0x0000000800000000)
  region size 2048K, 21 young (43008K), 2 survivors (4096K)
 Metaspace       used 73304K, committed 74240K, reserved 1122304K
  class space    used 8367K, committed 8832K, reserved 1048576K
}

